<?xml version="1.0" encoding="UTF-8"?>
<!-- Generated by org.testng.reporters.JUnitReportReporter -->
<testsuite skipped="0" hostname="ip-172-31-76-122" name="Test.Logintest" tests="1" failures="0" timestamp="2021-06-26T04:02:13 UTC" time="6.996" errors="0">
  <testcase name="test1" time="6.996" classname="Test.Logintest"/>
  <system-out/>
</testsuite> <!-- Test.Logintest -->
