<?xml version="1.0" encoding="UTF-8"?>
<!-- Generated by org.testng.reporters.JUnitReportReporter -->
<testsuite skipped="0" hostname="ip-172-31-76-122" name="Test.Testcase1" tests="2" failures="0" timestamp="2021-06-19T07:08:04 UTC" time="0.016" errors="0">
  <testcase name="Signup" time="0.004" classname="Test.Testcase1"/>
  <system-out/>
  <testcase name="Login" time="0.012" classname="Test.Testcase1"/>
  <system-out/>
</testsuite> <!-- Test.Testcase1 -->
