<?xml version="1.0" encoding="UTF-8"?>
<!-- Generated by org.testng.reporters.JUnitReportReporter -->
<testsuite skipped="0" hostname="ip-172-31-76-122" name="Test.Testcase1" tests="1" failures="0" timestamp="2021-06-19T05:37:14 UTC" time="0.008" errors="0">
  <testcase name="Login" time="0.008" classname="Test.Testcase1"/>
  <system-out/>
</testsuite> <!-- Test.Testcase1 -->
