<?xml version="1.0" encoding="UTF-8"?>
<!-- Generated by org.testng.reporters.JUnitReportReporter -->
<testsuite skipped="0" hostname="ip-172-31-76-122" name="Shopping.NewApplication" tests="3" failures="0" timestamp="2021-06-20T06:34:52 UTC" time="4.878" errors="0">
  <testcase name="Logintest" time="1.481" classname="Shopping.NewApplication"/>
  <system-out/>
  <testcase name="selectcart" time="1.775" classname="Shopping.NewApplication"/>
  <system-out/>
  <testcase name="Opencart" time="1.622" classname="Shopping.NewApplication"/>
  <system-out/>
</testsuite> <!-- Shopping.NewApplication -->
