<?xml version="1.0" encoding="UTF-8"?>
<!-- Generated by org.testng.reporters.JUnitReportReporter -->
<testsuite skipped="0" hostname="ip-172-31-76-122" name="Shopping.NewApplication" tests="3" failures="0" timestamp="2021-06-20T07:00:18 UTC" time="0.710" errors="0">
  <testcase name="Logintest" time="0.387" classname="Shopping.NewApplication"/>
  <system-out/>
  <testcase name="selectcart" time="0.247" classname="Shopping.NewApplication"/>
  <system-out/>
  <testcase name="Opencart" time="0.076" classname="Shopping.NewApplication"/>
  <system-out/>
</testsuite> <!-- Shopping.NewApplication -->
