<?xml version="1.0" encoding="UTF-8"?>
<!-- Generated by org.testng.reporters.JUnitReportReporter -->
<testsuite skipped="0" hostname="ip-172-31-76-122" name="Test.Testcase2" tests="4" failures="0" timestamp="2021-06-19T06:05:10 UTC" time="0.015" errors="0">
  <testcase name="HomePage2" time="0.012" classname="Test.Testcase2"/>
  <system-out/>
  <testcase name="HomePage3" time="0.001" classname="Test.Testcase2"/>
  <system-out/>
  <testcase name="HomePage4" time="0.001" classname="Test.Testcase2"/>
  <system-out/>
  <testcase name="HomePage1" time="0.001" classname="Test.Testcase2"/>
  <system-out/>
</testsuite> <!-- Test.Testcase2 -->
